0 info it worked if it ends with ok
1 verbose cli [ 'C:\\Program Files\\nodejs\\node.exe',
1 verbose cli   'C:\\Program Files\\nodejs\\node_modules\\npm\\bin\\npm-cli.js',
1 verbose cli   'run',
1 verbose cli   'build' ]
2 info using npm@3.6.0
3 info using node@v5.7.0
4 verbose run-script [ 'prebuild', 'build', 'postbuild' ]
5 info lifecycle substitution@1.0.0~prebuild: substitution@1.0.0
6 silly lifecycle substitution@1.0.0~prebuild: no script for prebuild, continuing
7 info lifecycle substitution@1.0.0~build: substitution@1.0.0
8 verbose lifecycle substitution@1.0.0~build: unsafe-perm in lifecycle true
9 verbose lifecycle substitution@1.0.0~build: PATH: C:\Program Files\nodejs\node_modules\npm\bin\node-gyp-bin;E:\AnnotateProject\replacement\annotran\node_modules\.bin;C:\Program Files\Common Files\Microsoft Shared\Windows Live;C:\Program Files (x86)\Common Files\Microsoft Shared\Windows Live;C:\Anaconda;C:\Anaconda\Scripts;C:\Windows\system32;C:\Windows;C:\Windows\System32\Wbem;C:\Windows\System32\WindowsPowerShell\v1.0\;C:\Program Files\Broadcom\Broadcom 802.11\Driver;C:\Program Files\doxygen\bin;C:\Program Files (x86)\gnuplot\bin;C:\Program Files (x86)\Tools\MinGW\bin;C:\Program Files (x86)\Tools\CMake\bin;C:\Program Files (x86)\Tools\doxygen\bin;C:\Anaconda;C:\Anaconda\Scripts;C:\Windows\system32;C:\Windows;C:\Windows\System32\Wbem;C:\Windows\System32\WindowsPowerShell\v1.0\;C:\Program Files\Broadcom\Broadcom 802.11\Driver;C:\Program Files\doxygen\bin;C:\Program Files (x86)\gnuplot\bin;C:\Program Files (x86)\Tools\MinGW\bin;C:\Program Files (x86)\Tools\CMake\bin;C:\Program Files (x86)\Tools\doxygen\bin;C:\Program Files\Java\jdk1.7.0_21\bin;C:\Program Files\Microsoft SQL Server\110\Tools\Binn\;c:\Program Files (x86)\Microsoft SQL Server\90\Tools\binn\;C:\Program Files (x86)\Windows Live\Shared;C:\Program Files (x86)\Git\cmd;C:\Program Files\MiKTeX 2.9\miktex\bin\x64\;C:\Program Files (x86)\MySQL\MySQL Fabric 1.5.3 & MySQL Utilities 1.5.3 1.5\;C:\Program Files (x86)\MySQL\MySQL Fabric 1.5.3 & MySQL Utilities 1.5.3 1.5\Doctrine extensions for PHP\;C:\Program Files\Java\jre7\lib\ext\mysql-connector-java-5.1.34-bin.jar;C:\Program Files (x86)\Skype\Phone\;C:\Program Files\nodejs\;C:\Program Files (x86)\CMake 2.6\bin;C:\Program Files\Java\jdk1.7.0_21\bin;C:\Users\marija\AppData\Roaming\npm
10 verbose lifecycle substitution@1.0.0~build: CWD: E:\AnnotateProject\replacement\annotran
11 silly lifecycle substitution@1.0.0~build: Args: [ '/d /s /c', 'browserify ./src/app.js -o bundle.js --debug' ]
12 silly lifecycle substitution@1.0.0~build: Returned: code: 1  signal: null
13 info lifecycle substitution@1.0.0~build: Failed to exec build script
14 verbose stack Error: substitution@1.0.0 build: `browserify ./src/app.js -o bundle.js --debug`
14 verbose stack Exit status 1
14 verbose stack     at EventEmitter.<anonymous> (C:\Program Files\nodejs\node_modules\npm\lib\utils\lifecycle.js:232:16)
14 verbose stack     at emitTwo (events.js:100:13)
14 verbose stack     at EventEmitter.emit (events.js:185:7)
14 verbose stack     at ChildProcess.<anonymous> (C:\Program Files\nodejs\node_modules\npm\lib\utils\spawn.js:24:14)
14 verbose stack     at emitTwo (events.js:100:13)
14 verbose stack     at ChildProcess.emit (events.js:185:7)
14 verbose stack     at maybeClose (internal/child_process.js:827:16)
14 verbose stack     at Process.ChildProcess._handle.onexit (internal/child_process.js:211:5)
15 verbose pkgid substitution@1.0.0
16 verbose cwd E:\AnnotateProject\replacement\annotran
17 error Windows_NT 6.1.7601
18 error argv "C:\\Program Files\\nodejs\\node.exe" "C:\\Program Files\\nodejs\\node_modules\\npm\\bin\\npm-cli.js" "run" "build"
19 error node v5.7.0
20 error npm  v3.6.0
21 error code ELIFECYCLE
22 error substitution@1.0.0 build: `browserify ./src/app.js -o bundle.js --debug`
22 error Exit status 1
23 error Failed at the substitution@1.0.0 build script 'browserify ./src/app.js -o bundle.js --debug'.
23 error Make sure you have the latest version of node.js and npm installed.
23 error If you do, this is most likely a problem with the substitution package,
23 error not with npm itself.
23 error Tell the author that this fails on your system:
23 error     browserify ./src/app.js -o bundle.js --debug
23 error You can get information on how to open an issue for this project with:
23 error     npm bugs substitution
23 error Or if that isn't available, you can get their info via:
23 error     npm owner ls substitution
23 error There is likely additional logging output above.
24 verbose exit [ 1, true ]
